{
  "RSpec": {
    "coverage": {
      "/home/ghari/Documents/assignment/user_api/app/models/account.rb": {
        "lines": [
          1,
          1,
          1,
          null,
          1,
          1,
          1,
          null,
          1,
          null,
          null,
          null,
          1,
          7,
          3,
          2,
          2,
          null,
          null,
          null,
          null,
          null,
          1,
          3,
          3,
          null,
          3,
          null,
          null,
          null,
          null,
          null,
          1,
          3,
          null,
          null
        ]
      },
      "/home/ghari/Documents/assignment/user_api/app/models/role.rb": {
        "lines": [
          1,
          1,
          null,
          1,
          1,
          null,
          1,
          6,
          null,
          null
        ]
      }
    },
    "timestamp": 1596735446
  }
}
